{"/Users/eliostruyf/Developer/nodejs/vscode/vscode-demo-time/src/utils/convertTemplateToHtml.ts": {"path":"/Users/eliostruyf/Developer/nodejs/vscode/vscode-demo-time/src/utils/convertTemplateToHtml.ts","statementMap":{"0":{"start":{"line":1,"column":0},"end":{"line":1,"column":36}},"1":{"start":{"line":3,"column":37},"end":{"line":25,"column":1}},"2":{"start":{"line":4,"column":2},"end":{"line":6,"column":5}},"3":{"start":{"line":5,"column":4},"end":{"line":5,"column":19}},"4":{"start":{"line":8,"column":27},"end":{"line":8,"column":55}},"5":{"start":{"line":9,"column":13},"end":{"line":9,"column":35}},"6":{"start":{"line":11,"column":2},"end":{"line":22,"column":3}},"7":{"start":{"line":12,"column":24},"end":{"line":12,"column":66}},"8":{"start":{"line":13,"column":4},"end":{"line":21,"column":7}},"9":{"start":{"line":15,"column":6},"end":{"line":19,"column":7}},"10":{"start":{"line":16,"column":30},"end":{"line":16,"column":86}},"11":{"start":{"line":17,"column":30},"end":{"line":17,"column":74}},"12":{"start":{"line":18,"column":8},"end":{"line":18,"column":70}},"13":{"start":{"line":20,"column":6},"end":{"line":20,"column":19}},"14":{"start":{"line":24,"column":2},"end":{"line":24,"column":14}},"15":{"start":{"line":3,"column":13},"end":{"line":3,"column":37}}},"fnMap":{"0":{"name":"(anonymous_1)","decl":{"start":{"line":3,"column":37},"end":{"line":3,"column":38}},"loc":{"start":{"line":3,"column":97},"end":{"line":25,"column":1}}},"1":{"name":"(anonymous_2)","decl":{"start":{"line":4,"column":34},"end":{"line":4,"column":35}},"loc":{"start":{"line":4,"column":43},"end":{"line":6,"column":3}}},"2":{"name":"(anonymous_3)","decl":{"start":{"line":13,"column":37},"end":{"line":13,"column":38}},"loc":{"start":{"line":13,"column":52},"end":{"line":21,"column":5}}}},"branchMap":{"0":{"loc":{"start":{"line":11,"column":2},"end":{"line":22,"column":3}},"type":"if","locations":[{"start":{"line":11,"column":2},"end":{"line":22,"column":3}}]},"1":{"loc":{"start":{"line":15,"column":6},"end":{"line":19,"column":7}},"type":"if","locations":[{"start":{"line":15,"column":6},"end":{"line":19,"column":7}}]},"2":{"loc":{"start":{"line":15,"column":10},"end":{"line":15,"column":66}},"type":"binary-expr","locations":[{"start":{"line":15,"column":10},"end":{"line":15,"column":37}},{"start":{"line":15,"column":41},"end":{"line":15,"column":66}}]},"3":{"loc":{"start":{"line":16,"column":30},"end":{"line":16,"column":86}},"type":"cond-expr","locations":[{"start":{"line":16,"column":57},"end":{"line":16,"column":67}},{"start":{"line":16,"column":70},"end":{"line":16,"column":86}}]},"4":{"loc":{"start":{"line":17,"column":30},"end":{"line":17,"column":74}},"type":"cond-expr","locations":[{"start":{"line":17,"column":52},"end":{"line":17,"column":68}},{"start":{"line":17,"column":71},"end":{"line":17,"column":74}}]}},"s":{"0":1,"1":1,"2":2,"3":0,"4":2,"5":2,"6":2,"7":2,"8":2,"9":2,"10":1,"11":1,"12":1,"13":1,"14":2,"15":1},"f":{"0":2,"1":0,"2":2},"b":{"0":[2],"1":[1],"2":[2,2],"3":[1,0],"4":[0,1]}}
}
